{
  "RSpec": {
    "coverage": {
      "/Users/Dave/CodeFellows/Giggerator/app/models/user.rb": [
        1,
        null,
        null,
        null,
        1,
        null,
        null,
        null,
        1,
        null,
        null
      ],
      "/Users/Dave/CodeFellows/Giggerator/app/controllers/application_controller.rb": [
        1,
        1,
        null
      ],
      "/Users/Dave/CodeFellows/Giggerator/app/helpers/application_helper.rb": [
        1,
        null
      ],
      "/Users/Dave/CodeFellows/Giggerator/app/helpers/budgets_helper.rb": [
        1,
        null
      ],
      "/Users/Dave/CodeFellows/Giggerator/app/helpers/contacts_helper.rb": [
        1,
        null
      ],
      "/Users/Dave/CodeFellows/Giggerator/app/helpers/gigs_helper.rb": [
        1,
        null
      ],
      "/Users/Dave/CodeFellows/Giggerator/app/controllers/budget_items_controller.rb": [
        1,
        null,
        1,
        null,
        1,
        1,
        1,
        0,
        null,
        1,
        null,
        null,
        1,
        1,
        1,
        null,
        0,
        0,
        null,
        null,
        null,
        1,
        0,
        0,
        0,
        null,
        0,
        0,
        null,
        null,
        null,
        1,
        0,
        0,
        null,
        null,
        1,
        0,
        0,
        null,
        null,
        1,
        0,
        0,
        null,
        null,
        1,
        0,
        0,
        0,
        0,
        null,
        null,
        1,
        null,
        1,
        1,
        null,
        null,
        null
      ],
      "/Users/Dave/CodeFellows/Giggerator/app/models/budget_item.rb": [
        1,
        1,
        1,
        1,
        null
      ],
      "/Users/Dave/CodeFellows/Giggerator/app/controllers/contacts_controller.rb": [
        1,
        null
      ],
      "/Users/Dave/CodeFellows/Giggerator/app/controllers/gigs_controller.rb": [
        1,
        null,
        1,
        4,
        4,
        null,
        0,
        0,
        null,
        null,
        null,
        1,
        0,
        0,
        0,
        null,
        null,
        null,
        1,
        0,
        0,
        0,
        0,
        0,
        null,
        0,
        0,
        0,
        null,
        0,
        0,
        null,
        null,
        null,
        1,
        3,
        null,
        null,
        1,
        5,
        5,
        null,
        5,
        2,
        2,
        2,
        2,
        null,
        null,
        5,
        5,
        4,
        null,
        5,
        null,
        null,
        null,
        1,
        1,
        1,
        1,
        1,
        null,
        0,
        0,
        null,
        null,
        null,
        1,
        0,
        0,
        0,
        0,
        null,
        null,
        null,
        null
      ],
      "/Users/Dave/CodeFellows/Giggerator/app/models/gig.rb": [
        1,
        1,
        null,
        null,
        1,
        1,
        null,
        1,
        1,
        null
      ]
    },
    "timestamp": 1364183538
  }
}
